<html>
<body>
<pre>
<h1>Vision Build Log</h1>
<h2>Project:</h2>
C:\Documents and Settings\Administrator\桌面\MP3功放全部资料\mp3功放程序\main\main.uvproj
Project File Date:  07/11/2010

<h2>Output:</h2>
Build target 'Target 1'
compiling main.c...
compiling SYS.C...
compiling DELAY.C...
compiling SPI2.C...
compiling VS1003x.c...
compiling MMC_SD.C...
compiling LCD13164.C...
compiling keyboard.c...
compiling ADC.C...
compiling FAT.c...
compiling untogb.c...
compiling gui.c...
compiling mp3player.c...
compiling lrcpro.c...
compiling my_fft.c...
compiling snake.c...
..\game\snake.c(37): warning:  #47-D: incompatible redefinition of macro "TO_RIGHT" (declared at line 61 of "..\FAT\comm.h")
..\game\snake.c(38): warning:  #47-D: incompatible redefinition of macro "TO_LEFT" (declared at line 62 of "..\FAT\comm.h")
..\game\snake.c(39): warning:  #47-D: incompatible redefinition of macro "TO_UP" (declared at line 63 of "..\FAT\comm.h")
..\game\snake.c(40): warning:  #47-D: incompatible redefinition of macro "TO_DOWN" (declared at line 64 of "..\FAT\comm.h")
..\game\snake.c(41): warning:  #47-D: incompatible redefinition of macro "PAUSE" (declared at line 65 of "..\FAT\comm.h")
..\game\snake.c(67): error:  #20: identifier "TCNT1" is undefined
..\game\snake.c(96): error:  #20: identifier "READY" is undefined
..\game\snake.c(102): error:  #20: identifier "TCNT1" is undefined
..\game\snake.c(256): error:  #20: identifier "key" is undefined
..\game\snake.c(258): warning:  #223-D: function "Key_Scan" declared implicitly
..\game\snake.c(295): error:  #2706: case label value has already appeared in this switch at line 261
Target not created
Build target 'Target 1'
compiling main.c...
compiling VS1003x.c...
compiling LCD13164.C...
compiling keyboard.c...
compiling ADC.C...
compiling FAT.c...
compiling untogb.c...
compiling gui.c...
compiling mp3player.c...
compiling lrcpro.c...
compiling my_fft.c...
compiling snake.c...
..\game\snake.c(73): error:  #20: identifier "TCNT1" is undefined
..\game\snake.c(102): error:  #20: identifier "READY" is undefined
..\game\snake.c(108): error:  #20: identifier "TCNT1" is undefined
..\game\snake.c(262): error:  #20: identifier "key" is undefined
..\game\snake.c(264): warning:  #223-D: function "Key_Scan" declared implicitly
Target not created
Build target 'Target 1'
compiling snake.c...
..\game\snake.c(268): warning:  #223-D: function "Key_Scan" declared implicitly
linking...
main.axf: Error: L6218E: Undefined symbol Key_Scan (referred from snake.o).
Target not created
Build target 'Target 1'
compiling snake.c...
linking...
Program Size: Code=25914 RO-data=36598 RW-data=332 ZI-data=5412  
FromELF: creating hex file...
"main.axf" - 0 Error(s), 0 Warning(s).
Build target 'Target 1'
assembling STM32F10x.s...
compiling main.c...
compiling SYS.C...
compiling DELAY.C...
compiling SPI2.C...
compiling VS1003x.c...
compiling MMC_SD.C...
compiling LCD13164.C...
compiling keyboard.c...
compiling ADC.C...
compiling FAT.c...
compiling untogb.c...
compiling gui.c...
compiling mp3player.c...
compiling lrcpro.c...
compiling my_fft.c...
compiling snake.c...
linking...
Program Size: Code=25914 RO-data=36598 RW-data=332 ZI-data=5412  
FromELF: creating hex file...
"main.axf" - 0 Error(s), 0 Warning(s).
Build target 'Target 1'
compiling snake.c...
..\game\snake.c(305): error:  #20: identifier "State" is undefined
..\game\snake.c(327): error:  #20: identifier "State" is undefined
Target not created
Build target 'Target 1'
compiling snake.c...
linking...
Program Size: Code=25914 RO-data=36598 RW-data=332 ZI-data=5412  
FromELF: creating hex file...
"main.axf" - 0 Error(s), 0 Warning(s).
Build target 'Target 1'
compiling main.c...
main.c(34): warning:  #223-D: function "Snake_Ini" declared implicitly
main.c(35): warning:  #223-D: function "Play_Snake" declared implicitly
linking...
Program Size: Code=28018 RO-data=36598 RW-data=360 ZI-data=5640  
FromELF: creating hex file...
"main.axf" - 0 Error(s), 2 Warning(s).
Build target 'Target 1'
compiling main.c...
compiling VS1003x.c...
compiling LCD13164.C...
compiling keyboard.c...
compiling ADC.C...
compiling FAT.c...
compiling untogb.c...
compiling gui.c...
compiling mp3player.c...
compiling lrcpro.c...
compiling my_fft.c...
compiling snake.c...
linking...
Program Size: Code=28018 RO-data=36598 RW-data=360 ZI-data=5640  
FromELF: creating hex file...
"main.axf" - 0 Error(s), 0 Warning(s).
Build target 'Target 1'
compiling snake.c...
linking...
Program Size: Code=28058 RO-data=36598 RW-data=360 ZI-data=5640  
FromELF: creating hex file...
"main.axf" - 0 Error(s), 0 Warning(s).
Build target 'Target 1'
compiling snake.c...
..\game\snake.c(113): error:  #136: struct "<unnamed>" has no field "CNTL"
Target not created
Build target 'Target 1'
compiling snake.c...
linking...
Program Size: Code=28082 RO-data=36598 RW-data=360 ZI-data=5640  
FromELF: creating hex file...
"main.axf" - 0 Error(s), 0 Warning(s).
Build target 'Target 1'
compiling snake.c...
linking...
Program Size: Code=28090 RO-data=36598 RW-data=360 ZI-data=5640  
FromELF: creating hex file...
"main.axf" - 0 Error(s), 0 Warning(s).
Build target 'Target 1'
compiling snake.c...
linking...
Program Size: Code=28122 RO-data=36598 RW-data=360 ZI-data=5640  
FromELF: creating hex file...
"main.axf" - 0 Error(s), 0 Warning(s).
Build target 'Target 1'
compiling keyboard.c...
..\device\Keyboard\keyboard.c(54): warning:  #174-D: expression has no effect
..\device\Keyboard\keyboard.c(54): error:  #65: expected a ";"
..\device\Keyboard\keyboard.c(55): error:  #127: expected a statement
compiling gui.c...
..\GUI\gui.c(17): error:  #20: identifier "State" is undefined
..\GUI\gui.c(17): error:  #20: identifier "Strate" is undefined
compiling snake.c...
Target not created
Build target 'Target 1'
compiling keyboard.c...
..\device\Keyboard\keyboard.c(54): warning:  #174-D: expression has no effect
..\device\Keyboard\keyboard.c(54): error:  #65: expected a ";"
..\device\Keyboard\keyboard.c(55): error:  #127: expected a statement
compiling gui.c...
..\GUI\gui.c(17): error:  #20: identifier "State" is undefined
Target not created
Build target 'Target 1'
compiling keyboard.c...
..\device\Keyboard\keyboard.c(54): warning:  #174-D: expression has no effect
..\device\Keyboard\keyboard.c(54): error:  #65: expected a ";"
..\device\Keyboard\keyboard.c(55): error:  #127: expected a statement
compiling gui.c...
Target not created
Build target 'Target 1'
compiling keyboard.c...
..\device\Keyboard\keyboard.c(54): warning:  #174-D: expression has no effect
..\device\Keyboard\keyboard.c(54): error:  #65: expected a ";"
..\device\Keyboard\keyboard.c(55): error:  #127: expected a statement
Target not created
Build target 'Target 1'
compiling keyboard.c...
linking...
Program Size: Code=28370 RO-data=36598 RW-data=360 ZI-data=5640  
FromELF: creating hex file...
"main.axf" - 0 Error(s), 0 Warning(s).
Build target 'Target 1'
compiling main.c...
compiling gui.c...
linking...
Program Size: Code=28386 RO-data=36598 RW-data=360 ZI-data=5640  
FromELF: creating hex file...
"main.axf" - 0 Error(s), 0 Warning(s).
Build target 'Target 1'
compiling main.c...
linking...
Program Size: Code=28394 RO-data=36598 RW-data=360 ZI-data=5640  
FromELF: creating hex file...
"main.axf" - 0 Error(s), 0 Warning(s).
Build target 'Target 1'
compiling main.c...
linking...
Program Size: Code=28402 RO-data=36598 RW-data=360 ZI-data=5640  
FromELF: creating hex file...
"main.axf" - 0 Error(s), 0 Warning(s).
Build target 'Target 1'
compiling main.c...
linking...
Program Size: Code=28402 RO-data=36598 RW-data=360 ZI-data=5640  
FromELF: creating hex file...
"main.axf" - 0 Error(s), 0 Warning(s).
Build target 'Target 1'
compiling keyboard.c...
linking...
Program Size: Code=28418 RO-data=36598 RW-data=360 ZI-data=5640  
FromELF: creating hex file...
"main.axf" - 0 Error(s), 0 Warning(s).
Build target 'Target 1'
compiling main.c...
compiling VS1003x.c...
compiling LCD13164.C...
compiling keyboard.c...
compiling ADC.C...
compiling FAT.c...
compiling untogb.c...
compiling gui.c...
compiling mp3player.c...
compiling lrcpro.c...
compiling my_fft.c...
compiling snake.c...
..\game\snake.c(362): error:  #20: identifier "TIM1_IRQChannel" is undefined
compiling russia.c...
..\game\russia.c(35): error:  #20: identifier "flash" is undefined
..\game\russia.c(35): error:  #101: "u8" has already been declared in the current scope
..\game\russia.c(35): error:  #65: expected a ";"
..\game\russia.c(43): warning:  #12-D: parsing restarts here after previous syntax error
..\game\russia.c(48): error:  #65: expected a ";"
..\game\russia.c(49): error:  #65: expected a ";"
..\game\russia.c(50): error:  #20: identifier "i" is undefined
..\game\russia.c(52): error:  #20: identifier "temp" is undefined
..\game\russia.c(52): error:  #20: identifier "fk_mod" is undefined
..\game\russia.c(53): error:  #20: identifier "j" is undefined
..\game\russia.c(61): error:  #20: identifier "temp" is undefined
..\game\russia.c(61): error:  #20: identifier "fk_mod" is undefined
..\game\russia.c(62): error:  #20: identifier "j" is undefined
..\game\russia.c(74): error:  #65: expected a ";"
..\game\russia.c(75): error:  #65: expected a ";"
..\game\russia.c(77): error:  #20: identifier "i" is undefined
..\game\russia.c(79): error:  #20: identifier "temp" is undefined
..\game\russia.c(79): error:  #20: identifier "fk_mod" is undefined
..\game\russia.c(80): error:  #20: identifier "j" is undefined
..\game\russia.c(89): error:  #757: variable "u8" is not a type name
..\game\russia.c(91): error:  #65: expected a ";"
..\game\russia.c(92): error:  #268: declaration may not appear after executable statement in block
..\game\russia.c(94): error:  #20: identifier "i" is undefined
..\game\russia.c(103): error:  #757: variable "u8" is not a type name
..\game\russia.c(105): error:  #65: expected a ";"
..\game\russia.c(106): error:  #65: expected a ";"
..\game\russia.c(107): error:  #20: identifier "i" is undefined
..\game\russia.c(109): error:  #20: identifier "fk_mod" is undefined
..\game\russia.c(110): error:  #20: identifier "neq" is undefined
..\game\russia.c(112): error:  #20: identifier "neq" is undefined
..\game\russia.c(118): error:  #20: identifier "TCNT1" is undefined
Target not created
Build target 'Target 1'
compiling snake.c...
..\game\snake.c(389): error:  #65: expected a ";"
..\game\snake.c(402): warning: At end of source:  #12-D: parsing restarts here after previous syntax error
compiling russia.c...
..\game\russia.c(35): error:  #20: identifier "flash" is undefined
..\game\russia.c(35): error:  #101: "u8" has already been declared in the current scope
..\game\russia.c(35): error:  #65: expected a ";"
..\game\russia.c(43): warning:  #12-D: parsing restarts here after previous syntax error
..\game\russia.c(48): error:  #65: expected a ";"
..\game\russia.c(49): error:  #65: expected a ";"
..\game\russia.c(50): error:  #20: identifier "i" is undefined
..\game\russia.c(52): error:  #20: identifier "temp" is undefined
..\game\russia.c(52): error:  #20: identifier "fk_mod" is undefined
..\game\russia.c(53): error:  #20: identifier "j" is undefined
..\game\russia.c(61): error:  #20: identifier "temp" is undefined
..\game\russia.c(61): error:  #20: identifier "fk_mod" is undefined
..\game\russia.c(62): error:  #20: identifier "j" is undefined
..\game\russia.c(74): error:  #65: expected a ";"
..\game\russia.c(75): error:  #65: expected a ";"
..\game\russia.c(77): error:  #20: identifier "i" is undefined
..\game\russia.c(79): error:  #20: identifier "temp" is undefined
..\game\russia.c(79): error:  #20: identifier "fk_mod" is undefined
..\game\russia.c(80): error:  #20: identifier "j" is undefined
..\game\russia.c(89): error:  #757: variable "u8" is not a type name
..\game\russia.c(91): error:  #65: expected a ";"
..\game\russia.c(92): error:  #268: declaration may not appear after executable statement in block
..\game\russia.c(94): error:  #20: identifier "i" is undefined
..\game\russia.c(103): error:  #757: variable "u8" is not a type name
..\game\russia.c(105): error:  #65: expected a ";"
..\game\russia.c(106): error:  #65: expected a ";"
..\game\russia.c(107): error:  #20: identifier "i" is undefined
..\game\russia.c(109): error:  #20: identifier "fk_mod" is undefined
..\game\russia.c(110): error:  #20: identifier "neq" is undefined
..\game\russia.c(112): error:  #20: identifier "neq" is undefined
..\game\russia.c(118): error:  #20: identifier "TCNT1" is undefined
Target not created
Build target 'Target 1'
compiling snake.c...
..\game\snake.c(71): error:  #20: identifier "timer3_count" is undefined
..\game\snake.c(106): error:  #20: identifier "timer3_count" is undefined
..\game\snake.c(248): warning:  #223-D: function "Timer2_Init" declared implicitly
..\game\snake.c(368): error:  #159: declaration is incompatible with previous "Timer2_Init" (declared at line 248)
compiling russia.c...
..\game\russia.c(35): error:  #20: identifier "flash" is undefined
..\game\russia.c(35): error:  #101: "u8" has already been declared in the current scope
..\game\russia.c(35): error:  #65: expected a ";"
..\game\russia.c(43): warning:  #12-D: parsing restarts here after previous syntax error
..\game\russia.c(48): error:  #65: expected a ";"
..\game\russia.c(49): error:  #65: expected a ";"
..\game\russia.c(50): error:  #20: identifier "i" is undefined
..\game\russia.c(52): error:  #20: identifier "temp" is undefined
..\game\russia.c(52): error:  #20: identifier "fk_mod" is undefined
..\game\russia.c(53): error:  #20: identifier "j" is undefined
..\game\russia.c(61): error:  #20: identifier "temp" is undefined
..\game\russia.c(61): error:  #20: identifier "fk_mod" is undefined
..\game\russia.c(62): error:  #20: identifier "j" is undefined
..\game\russia.c(74): error:  #65: expected a ";"
..\game\russia.c(75): error:  #65: expected a ";"
..\game\russia.c(77): error:  #20: identifier "i" is undefined
..\game\russia.c(79): error:  #20: identifier "temp" is undefined
..\game\russia.c(79): error:  #20: identifier "fk_mod" is undefined
..\game\russia.c(80): error:  #20: identifier "j" is undefined
..\game\russia.c(89): error:  #757: variable "u8" is not a type name
..\game\russia.c(91): error:  #65: expected a ";"
..\game\russia.c(92): error:  #268: declaration may not appear after executable statement in block
..\game\russia.c(94): error:  #20: identifier "i" is undefined
..\game\russia.c(103): error:  #757: variable "u8" is not a type name
..\game\russia.c(105): error:  #65: expected a ";"
..\game\russia.c(106): error:  #65: expected a ";"
..\game\russia.c(107): error:  #20: identifier "i" is undefined
..\game\russia.c(109): error:  #20: identifier "fk_mod" is undefined
..\game\russia.c(110): error:  #20: identifier "neq" is undefined
..\game\russia.c(112): error:  #20: identifier "neq" is undefined
..\game\russia.c(118): error:  #20: identifier "TCNT1" is undefined
Target not created
Build target 'Target 1'
compiling snake.c...
..\game\snake.c(249): warning:  #223-D: function "Timer2_Init" declared implicitly
..\game\snake.c(369): error:  #159: declaration is incompatible with previous "Timer2_Init" (declared at line 249)
compiling russia.c...
..\game\russia.c(35): error:  #20: identifier "flash" is undefined
..\game\russia.c(35): error:  #101: "u8" has already been declared in the current scope
..\game\russia.c(35): error:  #65: expected a ";"
..\game\russia.c(43): warning:  #12-D: parsing restarts here after previous syntax error
..\game\russia.c(48): error:  #65: expected a ";"
..\game\russia.c(49): error:  #65: expected a ";"
..\game\russia.c(50): error:  #20: identifier "i" is undefined
..\game\russia.c(52): error:  #20: identifier "temp" is undefined
..\game\russia.c(52): error:  #20: identifier "fk_mod" is undefined
..\game\russia.c(53): error:  #20: identifier "j" is undefined
..\game\russia.c(61): error:  #20: identifier "temp" is undefined
..\game\russia.c(61): error:  #20: identifier "fk_mod" is undefined
..\game\russia.c(62): error:  #20: identifier "j" is undefined
..\game\russia.c(74): error:  #65: expected a ";"
..\game\russia.c(75): error:  #65: expected a ";"
..\game\russia.c(77): error:  #20: identifier "i" is undefined
..\game\russia.c(79): error:  #20: identifier "temp" is undefined
..\game\russia.c(79): error:  #20: identifier "fk_mod" is undefined
..\game\russia.c(80): error:  #20: identifier "j" is undefined
..\game\russia.c(89): error:  #757: variable "u8" is not a type name
..\game\russia.c(91): error:  #65: expected a ";"
..\game\russia.c(92): error:  #268: declaration may not appear after executable statement in block
..\game\russia.c(94): error:  #20: identifier "i" is undefined
..\game\russia.c(103): error:  #757: variable "u8" is not a type name
..\game\russia.c(105): error:  #65: expected a ";"
..\game\russia.c(106): error:  #65: expected a ";"
..\game\russia.c(107): error:  #20: identifier "i" is undefined
..\game\russia.c(109): error:  #20: identifier "fk_mod" is undefined
..\game\russia.c(110): error:  #20: identifier "neq" is undefined
..\game\russia.c(112): error:  #20: identifier "neq" is undefined
..\game\russia.c(118): error:  #20: identifier "TCNT1" is undefined
Target not created
Build target 'Target 1'
compiling main.c...
compiling VS1003x.c...
compiling LCD13164.C...
compiling keyboard.c...
compiling ADC.C...
compiling FAT.c...
compiling untogb.c...
compiling gui.c...
compiling mp3player.c...
compiling lrcpro.c...
compiling my_fft.c...
compiling snake.c...
compiling russia.c...
..\game\russia.c(35): error:  #20: identifier "flash" is undefined
..\game\russia.c(35): error:  #101: "u8" has already been declared in the current scope
..\game\russia.c(35): error:  #65: expected a ";"
..\game\russia.c(43): warning:  #12-D: parsing restarts here after previous syntax error
..\game\russia.c(48): error:  #65: expected a ";"
..\game\russia.c(49): error:  #65: expected a ";"
..\game\russia.c(50): error:  #20: identifier "i" is undefined
..\game\russia.c(52): error:  #20: identifier "temp" is undefined
..\game\russia.c(52): error:  #20: identifier "fk_mod" is undefined
..\game\russia.c(53): error:  #20: identifier "j" is undefined
..\game\russia.c(61): error:  #20: identifier "temp" is undefined
..\game\russia.c(61): error:  #20: identifier "fk_mod" is undefined
..\game\russia.c(62): error:  #20: identifier "j" is undefined
..\game\russia.c(74): error:  #65: expected a ";"
..\game\russia.c(75): error:  #65: expected a ";"
..\game\russia.c(77): error:  #20: identifier "i" is undefined
..\game\russia.c(79): error:  #20: identifier "temp" is undefined
..\game\russia.c(79): error:  #20: identifier "fk_mod" is undefined
..\game\russia.c(80): error:  #20: identifier "j" is undefined
..\game\russia.c(89): error:  #757: variable "u8" is not a type name
..\game\russia.c(91): error:  #65: expected a ";"
..\game\russia.c(92): error:  #268: declaration may not appear after executable statement in block
..\game\russia.c(94): error:  #20: identifier "i" is undefined
..\game\russia.c(103): error:  #757: variable "u8" is not a type name
..\game\russia.c(105): error:  #65: expected a ";"
..\game\russia.c(106): error:  #65: expected a ";"
..\game\russia.c(107): error:  #20: identifier "i" is undefined
..\game\russia.c(109): error:  #20: identifier "fk_mod" is undefined
..\game\russia.c(110): error:  #20: identifier "neq" is undefined
..\game\russia.c(112): error:  #20: identifier "neq" is undefined
..\game\russia.c(118): error:  #20: identifier "TCNT1" is undefined
Target not created
Build target 'Target 1'
compiling russia.c...
..\game\russia.c(118): error:  #20: identifier "TCNT1" is undefined
..\game\russia.c(168): warning:  #514-D: pointless comparison of unsigned integer with a negative constant
..\game\russia.c(182): error:  #20: identifier "score" is undefined
..\game\russia.c(207): error:  #20: identifier "LEVEL" is undefined
..\game\russia.c(208): error:  #20: identifier "score" is undefined
..\game\russia.c(218): error:  #20: identifier "pauseen" is undefined
..\game\russia.c(229): error:  #20: identifier "LEVELEPM_Russia" is undefined
..\game\russia.c(230): error:  #20: identifier "LEVEL" is undefined
..\game\russia.c(231): error:  #20: identifier "MAXSCORE_Russia" is undefined
..\game\russia.c(234): error:  #20: identifier "score" is undefined
..\game\russia.c(235): error:  #20: identifier "pauseen" is undefined
..\game\russia.c(237): error:  #20: identifier "GAME_PLAY" is undefined
..\game\russia.c(241): error:  #20: identifier "READY" is undefined
..\game\russia.c(244): warning:  #223-D: function "Key_Scan" declared implicitly
..\game\russia.c(246): error:  #20: identifier "TO_DOWN" is undefined
..\game\russia.c(259): error:  #20: identifier "TO_RIGHT" is undefined
..\game\russia.c(271): error:  #20: identifier "TO_LEFT" is undefined
..\game\russia.c(283): error:  #20: identifier "TO_UP" is undefined
..\game\russia.c(294): error:  #20: identifier "LEVSUB" is undefined
..\game\russia.c(302): error:  #20: identifier "LEVAND" is undefined
..\game\russia.c(310): error:  #20: identifier "SAVELEV" is undefined
..\game\russia.c(320): error:  #20: identifier "PAUSE" is undefined
..\game\russia.c(321): error:  #20: identifier "BACK" is undefined
..\game\russia.c(347): error:  #20: identifier "LED" is undefined
..\game\russia.c(351): warning:  #223-D: function "Game_Over_Show" declared implicitly
Target not created
Build target 'Target 1'
compiling main.c...
compiling snake.c...
compiling russia.c...
..\game\russia.c(118): error:  #20: identifier "TCNT1" is undefined
..\game\russia.c(168): warning:  #514-D: pointless comparison of unsigned integer with a negative constant
..\game\russia.c(182): error:  #20: identifier "score" is undefined
..\game\russia.c(207): error:  #20: identifier "LEVEL" is undefined
..\game\russia.c(208): error:  #20: identifier "score" is undefined
..\game\russia.c(218): error:  #20: identifier "pauseen" is undefined
..\game\russia.c(229): error:  #20: identifier "LEVELEPM_Russia" is undefined
..\game\russia.c(230): error:  #20: identifier "LEVEL" is undefined
..\game\russia.c(231): error:  #20: identifier "MAXSCORE_Russia" is undefined
..\game\russia.c(234): error:  #20: identifier "score" is undefined
..\game\russia.c(235): error:  #20: identifier "pauseen" is undefined
..\game\russia.c(237): error:  #20: identifier "GAME_PLAY" is undefined
..\game\russia.c(241): error:  #20: identifier "READY" is undefined
..\game\russia.c(244): warning:  #223-D: function "Key_Scan" declared implicitly
..\game\russia.c(246): error:  #20: identifier "TO_DOWN" is undefined
..\game\russia.c(259): error:  #20: identifier "TO_RIGHT" is undefined
..\game\russia.c(271): error:  #20: identifier "TO_LEFT" is undefined
..\game\russia.c(283): error:  #20: identifier "TO_UP" is undefined
..\game\russia.c(294): error:  #20: identifier "LEVSUB" is undefined
..\game\russia.c(302): error:  #20: identifier "LEVAND" is undefined
..\game\russia.c(310): error:  #20: identifier "SAVELEV" is undefined
..\game\russia.c(320): error:  #20: identifier "PAUSE" is undefined
..\game\russia.c(321): error:  #20: identifier "BACK" is undefined
..\game\russia.c(347): error:  #20: identifier "LED" is undefined
..\game\russia.c(351): warning:  #223-D: function "Game_Over_Show" declared implicitly
Target not created
Build target 'Target 1'
compiling russia.c...
..\game\russia.c(172): warning:  #514-D: pointless comparison of unsigned integer with a negative constant
..\game\russia.c(222): error:  #20: identifier "pauseen" is undefined
..\game\russia.c(233): error:  #20: identifier "LEVELEPM_Russia" is undefined
..\game\russia.c(235): error:  #20: identifier "MAXSCORE_Russia" is undefined
..\game\russia.c(239): error:  #20: identifier "pauseen" is undefined
..\game\russia.c(241): error:  #20: identifier "GAME_PLAY" is undefined
..\game\russia.c(245): error:  #20: identifier "READY" is undefined
..\game\russia.c(248): warning:  #223-D: function "Key_Scan" declared implicitly
..\game\russia.c(250): error:  #20: identifier "TO_DOWN" is undefined
..\game\russia.c(263): error:  #20: identifier "TO_RIGHT" is undefined
..\game\russia.c(275): error:  #20: identifier "TO_LEFT" is undefined
..\game\russia.c(287): error:  #20: identifier "TO_UP" is undefined
..\game\russia.c(298): error:  #20: identifier "LEVSUB" is undefined
..\game\russia.c(306): error:  #20: identifier "LEVAND" is undefined
..\game\russia.c(314): error:  #20: identifier "SAVELEV" is undefined
..\game\russia.c(324): error:  #20: identifier "PAUSE" is undefined
..\game\russia.c(325): error:  #20: identifier "BACK" is undefined
..\game\russia.c(351): error:  #20: identifier "LED" is undefined
..\game\russia.c(355): warning:  #223-D: function "Game_Over_Show" declared implicitly
Target not created
Build target 'Target 1'
compiling russia.c...
..\game\russia.c(186): warning:  #514-D: pointless comparison of unsigned integer with a negative constant
..\game\russia.c(259): error:  #20: identifier "READY" is undefined
..\game\russia.c(262): warning:  #223-D: function "Key_Scan" declared implicitly
..\game\russia.c(264): error:  #20: identifier "TO_DOWN" is undefined
..\game\russia.c(277): error:  #20: identifier "TO_RIGHT" is undefined
..\game\russia.c(289): error:  #20: identifier "TO_LEFT" is undefined
..\game\russia.c(301): error:  #20: identifier "TO_UP" is undefined
..\game\russia.c(312): error:  #20: identifier "LEVSUB" is undefined
..\game\russia.c(320): error:  #20: identifier "LEVAND" is undefined
..\game\russia.c(328): error:  #20: identifier "SAVELEV" is undefined
..\game\russia.c(338): error:  #20: identifier "PAUSE" is undefined
..\game\russia.c(339): error:  #20: identifier "BACK" is undefined
..\game\russia.c(365): error:  #20: identifier "LED" is undefined
..\game\russia.c(369): warning:  #223-D: function "Game_Over_Show" declared implicitly
Target not created
Build target 'Target 1'
assembling STM32F10x.s...
compiling main.c...
compiling SYS.C...
compiling DELAY.C...
compiling SPI2.C...
compiling VS1003x.c...
compiling MMC_SD.C...
compiling LCD13164.C...
compiling keyboard.c...
compiling ADC.C...
compiling FAT.c...
compiling untogb.c...
compiling gui.c...
compiling mp3player.c...
compiling lrcpro.c...
compiling my_fft.c...
compiling snake.c...
compiling russia.c...
..\game\russia.c(204): warning:  #514-D: pointless comparison of unsigned integer with a negative constant
..\game\russia.c(277): error:  #20: identifier "READY" is undefined
..\game\russia.c(280): warning:  #223-D: function "Key_Scan" declared implicitly
..\game\russia.c(330): error:  #2706: case label value has already appeared in this switch at line 319
..\game\russia.c(338): error:  #2706: case label value has already appeared in this switch at line 307
..\game\russia.c(383): error:  #20: identifier "LED" is undefined
..\game\russia.c(387): warning:  #223-D: function "Game_Over_Show" declared implicitly
Target not created
Build target 'Target 1'
compiling russia.c...
..\game\russia.c(205): warning:  #514-D: pointless comparison of unsigned integer with a negative constant
..\game\russia.c(384): error:  #20: identifier "LED" is undefined
..\game\russia.c(388): warning:  #223-D: function "Game_Over_Show" declared implicitly
Target not created
compiling russia.c...
..\game\russia.c(205): warning:  #514-D: pointless comparison of unsigned integer with a negative constant
..\game\russia.c(387): warning:  #223-D: function "Game_Over_Show" declared implicitly
..\game\russia.c - 0 Error(s), 2 Warning(s).
Build target 'Target 1'
linking...
main.axf: Error: L6200E: Symbol TIM3_IRQHandler multiply defined (by snake.o and lrcpro.o).
main.axf: Error: L6200E: Symbol Timer2_Init multiply defined (by snake.o and adc.o).
main.axf: Error: L6200E: Symbol NVIC_TIMER3Configuration multiply defined (by snake.o and lrcpro.o).
Target not created
Build target 'Target 1'
compiling snake.c...
..\game\snake.c(73): error:  #20: identifier "timer3_count" is undefined
..\game\snake.c(108): error:  #20: identifier "timer3_count" is undefined
..\game\snake.c(372): warning:  #223-D: function "NVIC_TIMER3Configuration" declared implicitly
..\game\snake.c(389): error:  #20: identifier "timer3_count" is undefined
Target not created
Build target 'Target 1'
compiling snake.c...
..\game\snake.c(372): warning:  #223-D: function "NVIC_TIMER3Configuration" declared implicitly
..\game\snake.c(389): error:  #20: identifier "timer3_count" is undefined
Target not created
Build target 'Target 1'
compiling snake.c...
linking...
main.axf: Error: L6218E: Undefined symbol timer3_count (referred from russia.o).
Target not created
Build target 'Target 1'
compiling russia.c...
..\game\russia.c(155): error:  #20: identifier "timer3_count" is undefined
..\game\russia.c(205): warning:  #514-D: pointless comparison of unsigned integer with a negative constant
..\game\russia.c(387): warning:  #223-D: function "Game_Over_Show" declared implicitly
Target not created
Build target 'Target 1'
compiling russia.c...
..\game\russia.c(205): warning:  #514-D: pointless comparison of unsigned integer with a negative constant
..\game\russia.c(387): warning:  #223-D: function "Game_Over_Show" declared implicitly
linking...
main.axf: Error: L6200E: Symbol Timer2_Init multiply defined (by snake.o and adc.o).
Target not created
Build target 'Target 1'
compiling main.c...
compiling VS1003x.c...
compiling LCD13164.C...
compiling keyboard.c...
compiling ADC.C...
compiling FAT.c...
compiling untogb.c...
compiling gui.c...
compiling mp3player.c...
compiling lrcpro.c...
compiling my_fft.c...
compiling snake.c...
..\game\snake.c(250): warning:  #223-D: function "Timer2_Init" declared implicitly
..\game\snake.c(370): error:  #159: declaration is incompatible with previous "Timer2_Init" (declared at line 250)
compiling russia.c...
..\game\russia.c(205): warning:  #514-D: pointless comparison of unsigned integer with a negative constant
..\game\russia.c(387): warning:  #223-D: function "Game_Over_Show" declared implicitly
Target not created
Build target 'Target 1'
compiling main.c...
compiling VS1003x.c...
compiling LCD13164.C...
compiling keyboard.c...
compiling ADC.C...
compiling FAT.c...
compiling untogb.c...
compiling gui.c...
compiling mp3player.c...
compiling lrcpro.c...
compiling my_fft.c...
compiling snake.c...
..\game\snake.c(250): warning:  #223-D: function "Timer2_Init" declared implicitly
..\game\snake.c(370): error:  #159: declaration is incompatible with previous "Timer2_Init" (declared at line 250)
compiling russia.c...
..\game\russia.c(205): warning:  #514-D: pointless comparison of unsigned integer with a negative constant
Target not created
Build target 'Target 1'
compiling snake.c...
linking...
main.axf: Error: L6218E: Undefined symbol Timer4_Init (referred from snake.o).
Target not created
Build target 'Target 1'
compiling main.c...
main.c(61): error:  #2706: case label value has already appeared in this switch at line 56
compiling VS1003x.c...
compiling LCD13164.C...
compiling keyboard.c...
compiling ADC.C...
compiling FAT.c...
compiling untogb.c...
compiling gui.c...
compiling mp3player.c...
compiling lrcpro.c...
compiling my_fft.c...
compiling snake.c...
compiling russia.c...
..\game\russia.c(205): warning:  #514-D: pointless comparison of unsigned integer with a negative constant
Target not created
Build target 'Target 1'
compiling main.c...
linking...
main.axf: Error: L6406W: No space in execution regions with .ANY selector matching Section x$fpl$dleqf(dleqf.o).
main.axf: Error: L6406W: No space in execution regions with .ANY selector matching Section x$fpl$frleqf(frleqf.o).
main.axf: Error: L6406W: No space in execution regions with .ANY selector matching Section x$fpl$retnan(retnan.o).
main.axf: Error: L6406W: No space in execution regions with .ANY selector matching Section x$fpl$fleqf(fleqf.o).
main.axf: Error: L6406W: No space in execution regions with .ANY selector matching Section x$fpl$scalbn(scalbn.o).
main.axf: Error: L6406W: No space in execution regions with .ANY selector matching Section x$fpl$ffixu(ffixu.o).
main.axf: Error: L6406W: No space in execution regions with .ANY selector matching Section x$fpl$dcmpinfnan(fcmpin.o).
main.axf: Error: L6406W: No space in execution regions with .ANY selector matching Section x$fpl$f2d(f2d.o).
main.axf: Error: L6406W: No space in execution regions with .ANY selector matching Section x$fpl$fnorm2(fnorm2_clz.o).
main.axf: Error: L6406W: No space in execution regions with .ANY selector matching Section .text(sys_stackheap_outer.o).
main.axf: Error: L6406W: No space in execution regions with .ANY selector matching Section i.sqrt(sqrt.o).
main.axf: Error: L6406W: No space in execution regions with .ANY selector matching Section .text(stm32f10x.o).
main.axf: Error: L6406W: No space in execution regions with .ANY selector matching Section x$fpl$fflt(fflt_clz.o).
main.axf: Error: L6406W: No space in execution regions with .ANY selector matching Section .constdata(my_fft.o).
main.axf: Error: L6406W: No space in execution regions with .ANY selector matching Section .constdata(cos_i.o).
main.axf: Error: L6406W: No space in execution regions with .ANY selector matching Section x$fpl$trapveneer(trapv.o).
main.axf: Error: L6406W: No space in execution regions with .ANY selector matching Section x$fpl$dflt(dflt_clz.o).
main.axf: Error: L6406W: No space in execution regions with .ANY selector matching Section .constdata(sin_i.o).
main.axf: Error: L6406W: No space in execution regions with .ANY selector matching Section .text(_rserrno.o).
main.axf: Error: L6406W: No space in execution regions with .ANY selector matching Section i.NVIC_PriorityGroupConfig(stm32f10x_nvic.o).
main.axf: Error: L6406W: No space in execution regions with .ANY selector matching Section i.NVIC_SetVectorTable(stm32f10x_nvic.o).
main.axf: Error: L6406W: No space in execution regions with .ANY selector matching Section .text(sys_exit.o).
main.axf: Error: L6406W: No space in execution regions with .ANY selector matching Section x$fpl$dcheck(dcheck.o).
main.axf: Error: L6406W: No space in execution regions with .ANY selector matching Section x$fpl$dcheck1(dcheck1.o).
main.axf: Error: L6406W: No space in execution regions with .ANY selector matching Section x$fpl$fpinit(fpinit.o).
main.axf: Error: L6406W: No space in execution regions with .ANY selector matching Section x$fpl$fcheck(fcheck.o).
main.axf: Error: L6406W: No space in execution regions with .ANY selector matching Section x$fpl$fcheck1(fcheck1.o).
main.axf: Error: L6406W: No space in execution regions with .ANY selector matching Section .text(rt_errno_addr_intlibspace.o).
main.axf: Error: L6406W: No space in execution regions with .ANY selector matching Section .text(exit.o).
main.axf: Error: L6406W: No space in execution regions with .ANY selector matching Section .text(rt_fp_status_addr_intlibspace.o).
main.axf: Error: L6406W: No space in execution regions with .ANY selector matching Section x$fpl$dfltu(dflt_clz.o).
main.axf: Error: L6406W: No space in execution regions with .ANY selector matching Section x$fpl$ffltu(fflt_clz.o).
main.axf: Error: L6406W: No space in execution regions with .ANY selector matching Section .ARM.Collect$$rtentry$$0000000D(rtentry2.o).
main.axf: Error: L6406W: No space in execution regions with .ANY selector matching Section .text(libspace.o).
main.axf: Error: L6406W: No space in execution regions with .ANY selector matching Section .text(heapauxi.o).
main.axf: Error: L6406W: No space in execution regions with .ANY selector matching Section .ARM.Collect$$libinit$$00000000(libinit.o).
main.axf: Error: L6406W: No space in execution regions with .ANY selector matching Section .ARM.Collect$$rtexit$$00000004(rtexit2.o).
main.axf: Error: L6406W: No space in execution regions with .ANY selector matching Section .emb_text(sys.o).
main.axf: Error: L6406W: No space in execution regions with .ANY selector matching Section .text(use_no_semi.o).
main.axf: Error: L6406W: No space in execution regions with .ANY selector matching Section .ARM.Collect$$libshutdown$$00000000(libshutdown.o).
main.axf: Error: L6407W: Sections of aggregate size 0x63c bytes could not fit into .ANY selector(s).
Target not created
Build target 'Target 1'
linking...
main.axf: Error: L6406W: No space in execution regions with .ANY selector matching Section x$fpl$dleqf(dleqf.o).
main.axf: Error: L6406W: No space in execution regions with .ANY selector matching Section x$fpl$frleqf(frleqf.o).
main.axf: Error: L6406W: No space in execution regions with .ANY selector matching Section x$fpl$retnan(retnan.o).
main.axf: Error: L6406W: No space in execution regions with .ANY selector matching Section x$fpl$fleqf(fleqf.o).
main.axf: Error: L6406W: No space in execution regions with .ANY selector matching Section x$fpl$scalbn(scalbn.o).
main.axf: Error: L6406W: No space in execution regions with .ANY selector matching Section x$fpl$ffixu(ffixu.o).
main.axf: Error: L6406W: No space in execution regions with .ANY selector matching Section x$fpl$dcmpinfnan(fcmpin.o).
main.axf: Error: L6406W: No space in execution regions with .ANY selector matching Section x$fpl$f2d(f2d.o).
main.axf: Error: L6406W: No space in execution regions with .ANY selector matching Section x$fpl$fnorm2(fnorm2_clz.o).
main.axf: Error: L6406W: No space in execution regions with .ANY selector matching Section .text(sys_stackheap_outer.o).
main.axf: Error: L6406W: No space in execution regions with .ANY selector matching Section i.sqrt(sqrt.o).
main.axf: Error: L6406W: No space in execution regions with .ANY selector matching Section .text(stm32f10x.o).
main.axf: Error: L6406W: No space in execution regions with .ANY selector matching Section x$fpl$fflt(fflt_clz.o).
main.axf: Error: L6406W: No space in execution regions with .ANY selector matching Section .constdata(my_fft.o).
main.axf: Error: L6406W: No space in execution regions with .ANY selector matching Section .constdata(cos_i.o).
main.axf: Error: L6406W: No space in execution regions with .ANY selector matching Section x$fpl$trapveneer(trapv.o).
main.axf: Error: L6406W: No space in execution regions with .ANY selector matching Section x$fpl$dflt(dflt_clz.o).
main.axf: Error: L6406W: No space in execution regions with .ANY selector matching Section .constdata(sin_i.o).
main.axf: Error: L6406W: No space in execution regions with .ANY selector matching Section .text(_rserrno.o).
main.axf: Error: L6406W: No space in execution regions with .ANY selector matching Section i.NVIC_PriorityGroupConfig(stm32f10x_nvic.o).
main.axf: Error: L6406W: No space in execution regions with .ANY selector matching Section i.NVIC_SetVectorTable(stm32f10x_nvic.o).
main.axf: Error: L6406W: No space in execution regions with .ANY selector matching Section .text(sys_exit.o).
main.axf: Error: L6406W: No space in execution regions with .ANY selector matching Section x$fpl$dcheck(dcheck.o).
main.axf: Error: L6406W: No space in execution regions with .ANY selector matching Section x$fpl$dcheck1(dcheck1.o).
main.axf: Error: L6406W: No space in execution regions with .ANY selector matching Section x$fpl$fpinit(fpinit.o).
main.axf: Error: L6406W: No space in execution regions with .ANY selector matching Section x$fpl$fcheck(fcheck.o).
main.axf: Error: L6406W: No space in execution regions with .ANY selector matching Section x$fpl$fcheck1(fcheck1.o).
main.axf: Error: L6406W: No space in execution regions with .ANY selector matching Section .text(rt_errno_addr_intlibspace.o).
main.axf: Error: L6406W: No space in execution regions with .ANY selector matching Section .text(exit.o).
main.axf: Error: L6406W: No space in execution regions with .ANY selector matching Section .text(rt_fp_status_addr_intlibspace.o).
main.axf: Error: L6406W: No space in execution regions with .ANY selector matching Section x$fpl$dfltu(dflt_clz.o).
main.axf: Error: L6406W: No space in execution regions with .ANY selector matching Section x$fpl$ffltu(fflt_clz.o).
main.axf: Error: L6406W: No space in execution regions with .ANY selector matching Section .ARM.Collect$$rtentry$$0000000D(rtentry2.o).
main.axf: Error: L6406W: No space in execution regions with .ANY selector matching Section .text(libspace.o).
main.axf: Error: L6406W: No space in execution regions with .ANY selector matching Section .text(heapauxi.o).
main.axf: Error: L6406W: No space in execution regions with .ANY selector matching Section .ARM.Collect$$libinit$$00000000(libinit.o).
main.axf: Error: L6406W: No space in execution regions with .ANY selector matching Section .ARM.Collect$$rtexit$$00000004(rtexit2.o).
main.axf: Error: L6406W: No space in execution regions with .ANY selector matching Section .emb_text(sys.o).
main.axf: Error: L6406W: No space in execution regions with .ANY selector matching Section .text(use_no_semi.o).
main.axf: Error: L6406W: No space in execution regions with .ANY selector matching Section .ARM.Collect$$libshutdown$$00000000(libshutdown.o).
main.axf: Error: L6407W: Sections of aggregate size 0x63c bytes could not fit into .ANY selector(s).
Target not created
Build target 'Target 1'
compiling mp3player.c...
linking...
main.axf: Error: L6406W: No space in execution regions with .ANY selector matching Section x$fpl$dleqf(dleqf.o).
main.axf: Error: L6406W: No space in execution regions with .ANY selector matching Section x$fpl$frleqf(frleqf.o).
main.axf: Error: L6406W: No space in execution regions with .ANY selector matching Section x$fpl$retnan(retnan.o).
main.axf: Error: L6406W: No space in execution regions with .ANY selector matching Section x$fpl$fleqf(fleqf.o).
main.axf: Error: L6406W: No space in execution regions with .ANY selector matching Section x$fpl$scalbn(scalbn.o).
main.axf: Error: L6406W: No space in execution regions with .ANY selector matching Section x$fpl$ffixu(ffixu.o).
main.axf: Error: L6406W: No space in execution regions with .ANY selector matching Section x$fpl$dcmpinfnan(fcmpin.o).
main.axf: Error: L6406W: No space in execution regions with .ANY selector matching Section x$fpl$f2d(f2d.o).
main.axf: Error: L6406W: No space in execution regions with .ANY selector matching Section x$fpl$fnorm2(fnorm2_clz.o).
main.axf: Error: L6406W: No space in execution regions with .ANY selector matching Section .text(sys_stackheap_outer.o).
main.axf: Error: L6406W: No space in execution regions with .ANY selector matching Section i.sqrt(sqrt.o).
main.axf: Error: L6406W: No space in execution regions with .ANY selector matching Section .text(stm32f10x.o).
main.axf: Error: L6406W: No space in execution regions with .ANY selector matching Section x$fpl$fflt(fflt_clz.o).
main.axf: Error: L6406W: No space in execution regions with .ANY selector matching Section .constdata(my_fft.o).
main.axf: Error: L6406W: No space in execution regions with .ANY selector matching Section .constdata(cos_i.o).
main.axf: Error: L6406W: No space in execution regions with .ANY selector matching Section x$fpl$trapveneer(trapv.o).
main.axf: Error: L6406W: No space in execution regions with .ANY selector matching Section x$fpl$dflt(dflt_clz.o).
main.axf: Error: L6406W: No space in execution regions with .ANY selector matching Section .constdata(sin_i.o).
main.axf: Error: L6406W: No space in execution regions with .ANY selector matching Section .text(_rserrno.o).
main.axf: Error: L6406W: No space in execution regions with .ANY selector matching Section i.NVIC_PriorityGroupConfig(stm32f10x_nvic.o).
main.axf: Error: L6406W: No space in execution regions with .ANY selector matching Section i.NVIC_SetVectorTable(stm32f10x_nvic.o).
main.axf: Error: L6406W: No space in execution regions with .ANY selector matching Section .text(sys_exit.o).
main.axf: Error: L6406W: No space in execution regions with .ANY selector matching Section x$fpl$dcheck(dcheck.o).
main.axf: Error: L6406W: No space in execution regions with .ANY selector matching Section x$fpl$dcheck1(dcheck1.o).
main.axf: Error: L6406W: No space in execution regions with .ANY selector matching Section x$fpl$fpinit(fpinit.o).
main.axf: Error: L6406W: No space in execution regions with .ANY selector matching Section x$fpl$fcheck(fcheck.o).
main.axf: Error: L6406W: No space in execution regions with .ANY selector matching Section x$fpl$fcheck1(fcheck1.o).
main.axf: Error: L6406W: No space in execution regions with .ANY selector matching Section .text(rt_errno_addr_intlibspace.o).
main.axf: Error: L6406W: No space in execution regions with .ANY selector matching Section .text(exit.o).
main.axf: Error: L6406W: No space in execution regions with .ANY selector matching Section .text(rt_fp_status_addr_intlibspace.o).
main.axf: Error: L6406W: No space in execution regions with .ANY selector matching Section x$fpl$dfltu(dflt_clz.o).
main.axf: Error: L6406W: No space in execution regions with .ANY selector matching Section x$fpl$ffltu(fflt_clz.o).
main.axf: Error: L6406W: No space in execution regions with .ANY selector matching Section .ARM.Collect$$rtentry$$0000000D(rtentry2.o).
main.axf: Error: L6406W: No space in execution regions with .ANY selector matching Section .text(libspace.o).
main.axf: Error: L6406W: No space in execution regions with .ANY selector matching Section .text(heapauxi.o).
main.axf: Error: L6406W: No space in execution regions with .ANY selector matching Section .ARM.Collect$$libinit$$00000000(libinit.o).
main.axf: Error: L6406W: No space in execution regions with .ANY selector matching Section .ARM.Collect$$rtexit$$00000004(rtexit2.o).
main.axf: Error: L6406W: No space in execution regions with .ANY selector matching Section .emb_text(sys.o).
main.axf: Error: L6406W: No space in execution regions with .ANY selector matching Section .text(use_no_semi.o).
main.axf: Error: L6406W: No space in execution regions with .ANY selector matching Section .ARM.Collect$$libshutdown$$00000000(libshutdown.o).
main.axf: Error: L6407W: Sections of aggregate size 0x63c bytes could not fit into .ANY selector(s).
Target not created
Build target 'Target 1'
compiling FAT.c...
linking...
main.axf: Error: L6218E: Undefined symbol pbuffer (referred from lcd13164.o).
Target not created
Build target 'Target 1'
compiling LCD13164.C...
linking...
main.axf: Error: L6218E: Undefined symbol pbuffer (referred from lcd13164.o).
Target not created
Build target 'Target 1'
compiling LCD13164.C...
linking...
main.axf: Error: L6218E: Undefined symbol pbuffer (referred from snake.o).
Target not created
Build target 'Target 1'
compiling snake.c...
..\game\snake.c(123): error:  #144: a value of type "short *" cannot be used to initialize an entity of type "u8 *"
Target not created
Build target 'Target 1'
compiling snake.c...
..\game\snake.c(123): warning:  #1296-D: extended constant initialiser used
..\game\snake.c(123): warning:  #767-D: conversion from pointer to smaller integer
..\game\snake.c(123): error:  #69: integer conversion resulted in truncation
Target not created
Build target 'Target 1'
compiling FAT.c...
compiling mp3player.c...
..\GUI\mp3player.c(10): error:  #147: declaration is incompatible with "short MCUBuffer[]" (declared at line 32 of "..\main\main.h")
compiling snake.c...
..\game\snake.c(123): error:  #144: a value of type "short *" cannot be used to initialize an entity of type "u8 *"
Target not created
Build target 'Target 1'
compiling main.c...
compiling VS1003x.c...
compiling LCD13164.C...
compiling keyboard.c...
compiling ADC.C...
compiling FAT.c...
compiling untogb.c...
compiling gui.c...
compiling mp3player.c...
compiling lrcpro.c...
compiling my_fft.c...
compiling snake.c...
compiling russia.c...
..\game\russia.c(205): warning:  #514-D: pointless comparison of unsigned integer with a negative constant
linking...
main.axf: Error: L6406W: No space in execution regions with .ANY selector matching Section x$fpl$dleqf(dleqf.o).
main.axf: Error: L6406W: No space in execution regions with .ANY selector matching Section x$fpl$frleqf(frleqf.o).
main.axf: Error: L6406W: No space in execution regions with .ANY selector matching Section x$fpl$retnan(retnan.o).
main.axf: Error: L6406W: No space in execution regions with .ANY selector matching Section x$fpl$fleqf(fleqf.o).
main.axf: Error: L6406W: No space in execution regions with .ANY selector matching Section x$fpl$scalbn(scalbn.o).
main.axf: Error: L6406W: No space in execution regions with .ANY selector matching Section x$fpl$ffixu(ffixu.o).
main.axf: Error: L6406W: No space in execution regions with .ANY selector matching Section x$fpl$dcmpinfnan(fcmpin.o).
main.axf: Error: L6406W: No space in execution regions with .ANY selector matching Section x$fpl$f2d(f2d.o).
main.axf: Error: L6406W: No space in execution regions with .ANY selector matching Section x$fpl$fnorm2(fnorm2_clz.o).
main.axf: Error: L6406W: No space in execution regions with .ANY selector matching Section .text(sys_stackheap_outer.o).
main.axf: Error: L6406W: No space in execution regions with .ANY selector matching Section i.sqrt(sqrt.o).
main.axf: Error: L6406W: No space in execution regions with .ANY selector matching Section .text(stm32f10x.o).
main.axf: Error: L6406W: No space in execution regions with .ANY selector matching Section x$fpl$fflt(fflt_clz.o).
main.axf: Error: L6406W: No space in execution regions with .ANY selector matching Section .constdata(my_fft.o).
main.axf: Error: L6406W: No space in execution regions with .ANY selector matching Section .constdata(cos_i.o).
main.axf: Error: L6406W: No space in execution regions with .ANY selector matching Section x$fpl$trapveneer(trapv.o).
main.axf: Error: L6406W: No space in execution regions with .ANY selector matching Section x$fpl$dflt(dflt_clz.o).
main.axf: Error: L6406W: No space in execution regions with .ANY selector matching Section .constdata(sin_i.o).
main.axf: Error: L6406W: No space in execution regions with .ANY selector matching Section .text(_rserrno.o).
main.axf: Error: L6406W: No space in execution regions with .ANY selector matching Section i.NVIC_PriorityGroupConfig(stm32f10x_nvic.o).
main.axf: Error: L6406W: No space in execution regions with .ANY selector matching Section i.NVIC_SetVectorTable(stm32f10x_nvic.o).
main.axf: Error: L6406W: No space in execution regions with .ANY selector matching Section .text(sys_exit.o).
main.axf: Error: L6406W: No space in execution regions with .ANY selector matching Section x$fpl$dcheck(dcheck.o).
main.axf: Error: L6406W: No space in execution regions with .ANY selector matching Section x$fpl$dcheck1(dcheck1.o).
main.axf: Error: L6406W: No space in execution regions with .ANY selector matching Section x$fpl$fpinit(fpinit.o).
main.axf: Error: L6406W: No space in execution regions with .ANY selector matching Section x$fpl$fcheck(fcheck.o).
main.axf: Error: L6406W: No space in execution regions with .ANY selector matching Section x$fpl$fcheck1(fcheck1.o).
main.axf: Error: L6406W: No space in execution regions with .ANY selector matching Section .text(rt_errno_addr_intlibspace.o).
main.axf: Error: L6406W: No space in execution regions with .ANY selector matching Section .text(exit.o).
main.axf: Error: L6406W: No space in execution regions with .ANY selector matching Section .text(rt_fp_status_addr_intlibspace.o).
main.axf: Error: L6406W: No space in execution regions with .ANY selector matching Section x$fpl$dfltu(dflt_clz.o).
main.axf: Error: L6406W: No space in execution regions with .ANY selector matching Section x$fpl$ffltu(fflt_clz.o).
main.axf: Error: L6406W: No space in execution regions with .ANY selector matching Section .ARM.Collect$$rtentry$$0000000D(rtentry2.o).
main.axf: Error: L6406W: No space in execution regions with .ANY selector matching Section .text(libspace.o).
main.axf: Error: L6406W: No space in execution regions with .ANY selector matching Section .text(heapauxi.o).
main.axf: Error: L6406W: No space in execution regions with .ANY selector matching Section .ARM.Collect$$libinit$$00000000(libinit.o).
main.axf: Error: L6406W: No space in execution regions with .ANY selector matching Section .ARM.Collect$$rtexit$$00000004(rtexit2.o).
main.axf: Error: L6406W: No space in execution regions with .ANY selector matching Section .emb_text(sys.o).
main.axf: Error: L6406W: No space in execution regions with .ANY selector matching Section .text(use_no_semi.o).
main.axf: Error: L6406W: No space in execution regions with .ANY selector matching Section .ARM.Collect$$libshutdown$$00000000(libshutdown.o).
main.axf: Error: L6407W: Sections of aggregate size 0x63c bytes could not fit into .ANY selector(s).
Target not created
Build target 'Target 1'
compiling russia.c...
linking...
main.axf: Error: L6218E: Undefined symbol Play_Russia (referred from main.o).
main.axf: Error: L6218E: Undefined symbol fk_init (referred from main.o).
Target not created
Build target 'Target 1'
compiling russia.c...
linking...
Program Size: Code=28690 RO-data=36598 RW-data=360 ZI-data=4488  
FromELF: creating hex file...
"main.axf" - 0 Error(s), 0 Warning(s).
Build target 'Target 1'
compiling russia.c...
linking...
main.axf: Error: L6220E: Load region LR_IROM1 size (65808 bytes) exceeds limit (65536 bytes).
main.axf: Error: L6220E: Execution region ER_IROM1 size (65616 bytes) exceeds limit (65536 bytes).
Target not created
Build target 'Target 1'
compiling LCD13164.C...
linking...
Program Size: Code=28906 RO-data=35662 RW-data=360 ZI-data=4536  
FromELF: creating hex file...
"main.axf" - 0 Error(s), 0 Warning(s).
Build target 'Target 1'
compiling russia.c...
..\game\russia.c(206): warning:  #514-D: pointless comparison of unsigned integer with a negative constant
linking...
main.axf: Error: L6406W: No space in execution regions with .ANY selector matching Section x$fpl$fflt(fflt_clz.o).
main.axf: Error: L6406W: No space in execution regions with .ANY selector matching Section .constdata(my_fft.o).
main.axf: Error: L6406W: No space in execution regions with .ANY selector matching Section .constdata(cos_i.o).
main.axf: Error: L6406W: No space in execution regions with .ANY selector matching Section x$fpl$trapveneer(trapv.o).
main.axf: Error: L6406W: No space in execution regions with .ANY selector matching Section .constdata(sin_i.o).
main.axf: Error: L6406W: No space in execution regions with .ANY selector matching Section x$fpl$drsb(daddsub_clz.o).
main.axf: Error: L6406W: No space in execution regions with .ANY selector matching Section .text(_rserrno.o).
main.axf: Error: L6406W: No space in execution regions with .ANY selector matching Section i.NVIC_PriorityGroupConfig(stm32f10x_nvic.o).
main.axf: Error: L6406W: No space in execution regions with .ANY selector matching Section i.NVIC_SetVectorTable(stm32f10x_nvic.o).
main.axf: Error: L6406W: No space in execution regions with .ANY selector matching Section .text(sys_exit.o).
main.axf: Error: L6406W: No space in execution regions with .ANY selector matching Section x$fpl$dcheck(dcheck.o).
main.axf: Error: L6406W: No space in execution regions with .ANY selector matching Section x$fpl$dcheck1(dcheck1.o).
main.axf: Error: L6406W: No space in execution regions with .ANY selector matching Section x$fpl$fpinit(fpinit.o).
main.axf: Error: L6406W: No space in execution regions with .ANY selector matching Section x$fpl$fcheck(fcheck.o).
main.axf: Error: L6406W: No space in execution regions with .ANY selector matching Section x$fpl$fcheck1(fcheck1.o).
main.axf: Error: L6406W: No space in execution regions with .ANY selector matching Section .text(rt_errno_addr_intlibspace.o).
main.axf: Error: L6406W: No space in execution regions with .ANY selector matching Section .text(exit.o).
main.axf: Error: L6406W: No space in execution regions with .ANY selector matching Section .text(rt_fp_status_addr_intlibspace.o).
main.axf: Error: L6406W: No space in execution regions with .ANY selector matching Section x$fpl$dfltu(dflt_clz.o).
main.axf: Error: L6406W: No space in execution regions with .ANY selector matching Section x$fpl$ffltu(fflt_clz.o).
main.axf: Error: L6406W: No space in execution regions with .ANY selector matching Section .ARM.Collect$$rtentry$$0000000D(rtentry2.o).
main.axf: Error: L6406W: No space in execution regions with .ANY selector matching Section .text(libspace.o).
main.axf: Error: L6406W: No space in execution regions with .ANY selector matching Section .text(heapauxi.o).
main.axf: Error: L6406W: No space in execution regions with .ANY selector matching Section .ARM.Collect$$libinit$$00000000(libinit.o).
main.axf: Error: L6406W: No space in execution regions with .ANY selector matching Section .ARM.Collect$$rtexit$$00000004(rtexit2.o).
main.axf: Error: L6406W: No space in execution regions with .ANY selector matching Section .emb_text(sys.o).
main.axf: Error: L6406W: No space in execution regions with .ANY selector matching Section .text(use_no_semi.o).
main.axf: Error: L6406W: No space in execution regions with .ANY selector matching Section .ARM.Collect$$libshutdown$$00000000(libshutdown.o).
main.axf: Error: L6407W: Sections of aggregate size 0x220 bytes could not fit into .ANY selector(s).
Target not created
Build target 'Target 1'
linking...
main.axf: Error: L6406W: No space in execution regions with .ANY selector matching Section x$fpl$fflt(fflt_clz.o).
main.axf: Error: L6406W: No space in execution regions with .ANY selector matching Section .constdata(my_fft.o).
main.axf: Error: L6406W: No space in execution regions with .ANY selector matching Section .constdata(cos_i.o).
main.axf: Error: L6406W: No space in execution regions with .ANY selector matching Section x$fpl$trapveneer(trapv.o).
main.axf: Error: L6406W: No space in execution regions with .ANY selector matching Section .constdata(sin_i.o).
main.axf: Error: L6406W: No space in execution regions with .ANY selector matching Section x$fpl$drsb(daddsub_clz.o).
main.axf: Error: L6406W: No space in execution regions with .ANY selector matching Section .text(_rserrno.o).
main.axf: Error: L6406W: No space in execution regions with .ANY selector matching Section i.NVIC_PriorityGroupConfig(stm32f10x_nvic.o).
main.axf: Error: L6406W: No space in execution regions with .ANY selector matching Section i.NVIC_SetVectorTable(stm32f10x_nvic.o).
main.axf: Error: L6406W: No space in execution regions with .ANY selector matching Section .text(sys_exit.o).
main.axf: Error: L6406W: No space in execution regions with .ANY selector matching Section x$fpl$dcheck(dcheck.o).
main.axf: Error: L6406W: No space in execution regions with .ANY selector matching Section x$fpl$dcheck1(dcheck1.o).
main.axf: Error: L6406W: No space in execution regions with .ANY selector matching Section x$fpl$fpinit(fpinit.o).
main.axf: Error: L6406W: No space in execution regions with .ANY selector matching Section x$fpl$fcheck(fcheck.o).
main.axf: Error: L6406W: No space in execution regions with .ANY selector matching Section x$fpl$fcheck1(fcheck1.o).
main.axf: Error: L6406W: No space in execution regions with .ANY selector matching Section .text(rt_errno_addr_intlibspace.o).
main.axf: Error: L6406W: No space in execution regions with .ANY selector matching Section .text(exit.o).
main.axf: Error: L6406W: No space in execution regions with .ANY selector matching Section .text(rt_fp_status_addr_intlibspace.o).
main.axf: Error: L6406W: No space in execution regions with .ANY selector matching Section x$fpl$dfltu(dflt_clz.o).
main.axf: Error: L6406W: No space in execution regions with .ANY selector matching Section x$fpl$ffltu(fflt_clz.o).
main.axf: Error: L6406W: No space in execution regions with .ANY selector matching Section .ARM.Collect$$rtentry$$0000000D(rtentry2.o).
main.axf: Error: L6406W: No space in execution regions with .ANY selector matching Section .text(libspace.o).
main.axf: Error: L6406W: No space in execution regions with .ANY selector matching Section .text(heapauxi.o).
main.axf: Error: L6406W: No space in execution regions with .ANY selector matching Section .ARM.Collect$$libinit$$00000000(libinit.o).
main.axf: Error: L6406W: No space in execution regions with .ANY selector matching Section .ARM.Collect$$rtexit$$00000004(rtexit2.o).
main.axf: Error: L6406W: No space in execution regions with .ANY selector matching Section .emb_text(sys.o).
main.axf: Error: L6406W: No space in execution regions with .ANY selector matching Section .text(use_no_semi.o).
main.axf: Error: L6406W: No space in execution regions with .ANY selector matching Section .ARM.Collect$$libshutdown$$00000000(libshutdown.o).
main.axf: Error: L6407W: Sections of aggregate size 0x220 bytes could not fit into .ANY selector(s).
Target not created
Build target 'Target 1'
compiling russia.c...
..\game\russia.c(207): warning:  #514-D: pointless comparison of unsigned integer with a negative constant
linking...
main.axf: Error: L6218E: Undefined symbol fk_refnew (referred from russia.o).
Target not created
Build target 'Target 1'
compiling russia.c...
..\game\russia.c(212): warning:  #514-D: pointless comparison of unsigned integer with a negative constant
linking...
main.axf: Error: L6406W: No space in execution regions with .ANY selector matching Section .constdata(cos_i.o).
main.axf: Error: L6406W: No space in execution regions with .ANY selector matching Section x$fpl$trapveneer(trapv.o).
main.axf: Error: L6406W: No space in execution regions with .ANY selector matching Section x$fpl$dflt(dflt_clz.o).
main.axf: Error: L6406W: No space in execution regions with .ANY selector matching Section .constdata(sin_i.o).
main.axf: Error: L6406W: No space in execution regions with .ANY selector matching Section x$fpl$drsb(daddsub_clz.o).
main.axf: Error: L6406W: No space in execution regions with .ANY selector matching Section .text(_rserrno.o).
main.axf: Error: L6406W: No space in execution regions with .ANY selector matching Section i.NVIC_PriorityGroupConfig(stm32f10x_nvic.o).
main.axf: Error: L6406W: No space in execution regions with .ANY selector matching Section i.NVIC_SetVectorTable(stm32f10x_nvic.o).
main.axf: Error: L6406W: No space in execution regions with .ANY selector matching Section .text(sys_exit.o).
main.axf: Error: L6406W: No space in execution regions with .ANY selector matching Section x$fpl$dcheck(dcheck.o).
main.axf: Error: L6406W: No space in execution regions with .ANY selector matching Section x$fpl$dcheck1(dcheck1.o).
main.axf: Error: L6406W: No space in execution regions with .ANY selector matching Section x$fpl$fpinit(fpinit.o).
main.axf: Error: L6406W: No space in execution regions with .ANY selector matching Section x$fpl$fcheck(fcheck.o).
main.axf: Error: L6406W: No space in execution regions with .ANY selector matching Section x$fpl$fcheck1(fcheck1.o).
main.axf: Error: L6406W: No space in execution regions with .ANY selector matching Section .text(rt_errno_addr_intlibspace.o).
main.axf: Error: L6406W: No space in execution regions with .ANY selector matching Section .text(exit.o).
main.axf: Error: L6406W: No space in execution regions with .ANY selector matching Section .text(rt_fp_status_addr_intlibspace.o).
main.axf: Error: L6406W: No space in execution regions with .ANY selector matching Section x$fpl$dfltu(dflt_clz.o).
main.axf: Error: L6406W: No space in execution regions with .ANY selector matching Section .ARM.Collect$$rtentry$$0000000D(rtentry2.o).
main.axf: Error: L6406W: No space in execution regions with .ANY selector matching Section .text(libspace.o).
main.axf: Error: L6406W: No space in execution regions with .ANY selector matching Section .text(heapauxi.o).
main.axf: Error: L6406W: No space in execution regions with .ANY selector matching Section .ARM.Collect$$libinit$$00000000(libinit.o).
main.axf: Error: L6406W: No space in execution regions with .ANY selector matching Section .ARM.Collect$$rtexit$$00000004(rtexit2.o).
main.axf: Error: L6406W: No space in execution regions with .ANY selector matching Section .emb_text(sys.o).
main.axf: Error: L6406W: No space in execution regions with .ANY selector matching Section .text(use_no_semi.o).
main.axf: Error: L6406W: No space in execution regions with .ANY selector matching Section .ARM.Collect$$libshutdown$$00000000(libshutdown.o).
main.axf: Error: L6407W: Sections of aggregate size 0x1e0 bytes could not fit into .ANY selector(s).
Target not created
Build target 'Target 1'
compiling russia.c...
..\game\russia.c(217): warning:  #514-D: pointless comparison of unsigned integer with a negative constant
linking...
main.axf: Error: L6406W: No space in execution regions with .ANY selector matching Section x$fpl$trapveneer(trapv.o).
main.axf: Error: L6406W: No space in execution regions with .ANY selector matching Section x$fpl$dflt(dflt_clz.o).
main.axf: Error: L6406W: No space in execution regions with .ANY selector matching Section .constdata(sin_i.o).
main.axf: Error: L6406W: No space in execution regions with .ANY selector matching Section x$fpl$drsb(daddsub_clz.o).
main.axf: Error: L6406W: No space in execution regions with .ANY selector matching Section .text(_rserrno.o).
main.axf: Error: L6406W: No space in execution regions with .ANY selector matching Section i.NVIC_PriorityGroupConfig(stm32f10x_nvic.o).
main.axf: Error: L6406W: No space in execution regions with .ANY selector matching Section i.NVIC_SetVectorTable(stm32f10x_nvic.o).
main.axf: Error: L6406W: No space in execution regions with .ANY selector matching Section .text(sys_exit.o).
main.axf: Error: L6406W: No space in execution regions with .ANY selector matching Section x$fpl$dcheck(dcheck.o).
main.axf: Error: L6406W: No space in execution regions with .ANY selector matching Section x$fpl$dcheck1(dcheck1.o).
main.axf: Error: L6406W: No space in execution regions with .ANY selector matching Section x$fpl$fpinit(fpinit.o).
main.axf: Error: L6406W: No space in execution regions with .ANY selector matching Section x$fpl$fcheck(fcheck.o).
main.axf: Error: L6406W: No space in execution regions with .ANY selector matching Section x$fpl$fcheck1(fcheck1.o).
main.axf: Error: L6406W: No space in execution regions with .ANY selector matching Section .text(rt_errno_addr_intlibspace.o).
main.axf: Error: L6406W: No space in execution regions with .ANY selector matching Section .text(exit.o).
main.axf: Error: L6406W: No space in execution regions with .ANY selector matching Section .text(rt_fp_status_addr_intlibspace.o).
main.axf: Error: L6406W: No space in execution regions with .ANY selector matching Section x$fpl$dfltu(dflt_clz.o).
main.axf: Error: L6406W: No space in execution regions with .ANY selector matching Section x$fpl$ffltu(fflt_clz.o).
main.axf: Error: L6406W: No space in execution regions with .ANY selector matching Section .ARM.Collect$$rtentry$$0000000D(rtentry2.o).
main.axf: Error: L6406W: No space in execution regions with .ANY selector matching Section .text(libspace.o).
main.axf: Error: L6406W: No space in execution regions with .ANY selector matching Section .text(heapauxi.o).
main.axf: Error: L6406W: No space in execution regions with .ANY selector matching Section .ARM.Collect$$libinit$$00000000(libinit.o).
main.axf: Error: L6406W: No space in execution regions with .ANY selector matching Section .ARM.Collect$$rtexit$$00000004(rtexit2.o).
main.axf: Error: L6406W: No space in execution regions with .ANY selector matching Section .emb_text(sys.o).
main.axf: Error: L6406W: No space in execution regions with .ANY selector matching Section .text(use_no_semi.o).
main.axf: Error: L6406W: No space in execution regions with .ANY selector matching Section .ARM.Collect$$libshutdown$$00000000(libshutdown.o).
main.axf: Error: L6407W: Sections of aggregate size 0x1b8 bytes could not fit into .ANY selector(s).
Target not created
Build target 'Target 1'
compiling russia.c...
..\game\russia.c(119): warning:  #940-D: missing return statement at end of non-void function "fk_chk"
..\game\russia.c(220): warning:  #514-D: pointless comparison of unsigned integer with a negative constant
linking...
main.axf: Error: L6406W: No space in execution regions with .ANY selector matching Section x$fpl$dcheck1(dcheck1.o).
main.axf: Error: L6406W: No space in execution regions with .ANY selector matching Section x$fpl$fpinit(fpinit.o).
main.axf: Error: L6406W: No space in execution regions with .ANY selector matching Section x$fpl$fcheck(fcheck.o).
main.axf: Error: L6406W: No space in execution regions with .ANY selector matching Section x$fpl$fcheck1(fcheck1.o).
main.axf: Error: L6406W: No space in execution regions with .ANY selector matching Section .text(rt_errno_addr_intlibspace.o).
main.axf: Error: L6406W: No space in execution regions with .ANY selector matching Section .text(exit.o).
main.axf: Error: L6406W: No space in execution regions with .ANY selector matching Section .text(rt_fp_status_addr_intlibspace.o).
main.axf: Error: L6406W: No space in execution regions with .ANY selector matching Section x$fpl$dfltu(dflt_clz.o).
main.axf: Error: L6406W: No space in execution regions with .ANY selector matching Section .ARM.Collect$$rtentry$$0000000D(rtentry2.o).
main.axf: Error: L6406W: No space in execution regions with .ANY selector matching Section .text(libspace.o).
main.axf: Error: L6406W: No space in execution regions with .ANY selector matching Section .text(heapauxi.o).
main.axf: Error: L6406W: No space in execution regions with .ANY selector matching Section .ARM.Collect$$libinit$$00000000(libinit.o).
main.axf: Error: L6406W: No space in execution regions with .ANY selector matching Section .ARM.Collect$$rtexit$$00000004(rtexit2.o).
main.axf: Error: L6406W: No space in execution regions with .ANY selector matching Section .emb_text(sys.o).
main.axf: Error: L6406W: No space in execution regions with .ANY selector matching Section .text(use_no_semi.o).
main.axf: Error: L6406W: No space in execution regions with .ANY selector matching Section .ARM.Collect$$libshutdown$$00000000(libshutdown.o).
main.axf: Error: L6407W: Sections of aggregate size 0xb0 bytes could not fit into .ANY selector(s).
Target not created
Build target 'Target 1'
compiling russia.c...
..\game\russia.c(119): warning:  #940-D: missing return statement at end of non-void function "fk_chk"
linking...
main.axf: Error: L6220E: Load region LR_IROM1 size (65680 bytes) exceeds limit (65536 bytes).
Target not created
Build target 'Target 1'
compiling russia.c...
linking...
main.axf: Error: L6220E: Load region LR_IROM1 size (65680 bytes) exceeds limit (65536 bytes).
Target not created
Build target 'Target 1'
compiling VS1003x.c...
..\device\VS1003\VS1003x.c(18): error:  #65: expected a ";"
..\device\VS1003\VS1003x.c(101): error:  #20: identifier "VS_VOLT" is undefined
Target not created
Build target 'Target 1'
compiling VS1003x.c...
linking...
Program Size: Code=29826 RO-data=34718 RW-data=360 ZI-data=4536  
FromELF: creating hex file...
"main.axf" - 0 Error(s), 0 Warning(s).
Build target 'Target 1'
compiling russia.c...
linking...
Program Size: Code=29906 RO-data=34718 RW-data=360 ZI-data=4536  
FromELF: creating hex file...
"main.axf" - 0 Error(s), 0 Warning(s).
Build target 'Target 1'
compiling russia.c...
linking...
Program Size: Code=29954 RO-data=34718 RW-data=360 ZI-data=4536  
FromELF: creating hex file...
"main.axf" - 0 Error(s), 0 Warning(s).
Build target 'Target 1'
compiling russia.c...
linking...
Program Size: Code=30074 RO-data=34718 RW-data=360 ZI-data=4536  
FromELF: creating hex file...
"main.axf" - 0 Error(s), 0 Warning(s).
Build target 'Target 1'
compiling russia.c...
linking...
Program Size: Code=30218 RO-data=34718 RW-data=360 ZI-data=4536  
FromELF: creating hex file...
"main.axf" - 0 Error(s), 0 Warning(s).
Build target 'Target 1'
compiling russia.c...
..\game\russia.c(213): warning:  #514-D: pointless comparison of unsigned integer with a negative constant
linking...
Program Size: Code=30618 RO-data=34718 RW-data=360 ZI-data=4536  
FromELF: creating hex file...
"main.axf" - 0 Error(s), 1 Warning(s).
Build target 'Target 1'
compiling my_fft.c...
linking...
Program Size: Code=30618 RO-data=34718 RW-data=360 ZI-data=4536  
FromELF: creating hex file...
"main.axf" - 0 Error(s), 0 Warning(s).
Build target 'Target 1'
compiling ADC.C...
linking...
Program Size: Code=30618 RO-data=34718 RW-data=360 ZI-data=4536  
FromELF: creating hex file...
"main.axf" - 0 Error(s), 0 Warning(s).
Build target 'Target 1'
compiling ADC.C...
linking...
Program Size: Code=30618 RO-data=34718 RW-data=360 ZI-data=4536  
FromELF: creating hex file...
"main.axf" - 0 Error(s), 0 Warning(s).
Build target 'Target 1'
compiling ADC.C...
linking...
Program Size: Code=30618 RO-data=34718 RW-data=360 ZI-data=4536  
FromELF: creating hex file...
"main.axf" - 0 Error(s), 0 Warning(s).
Build target 'Target 1'
compiling my_fft.c...
linking...
Program Size: Code=30618 RO-data=34718 RW-data=360 ZI-data=4536  
FromELF: creating hex file...
"main.axf" - 0 Error(s), 0 Warning(s).
Build target 'Target 1'
linking...
Program Size: Code=30618 RO-data=34718 RW-data=360 ZI-data=4536  
FromELF: creating hex file...
"main.axf" - 0 Error(s), 0 Warning(s).
Build target 'Target 1'
compiling ADC.C...
compiling my_fft.c...
linking...
main.axf: Error: L6220E: Load region LR_IROM1 size (65552 bytes) exceeds limit (65536 bytes).
Target not created
Build target 'Target 1'
compiling main.c...
compiling VS1003x.c...
compiling LCD13164.C...
compiling keyboard.c...
compiling ADC.C...
compiling FAT.c...
compiling untogb.c...
compiling gui.c...
compiling mp3player.c...
..\GUI\mp3player.c(345): warning:  #69-D: integer conversion resulted in truncation
..\GUI\mp3player.c(368): error:  #20: identifier "State" is undefined
compiling lrcpro.c...
compiling my_fft.c...
compiling snake.c...
..\game\snake.c(308): error:  #20: identifier "State" is undefined
..\game\snake.c(331): error:  #20: identifier "State" is undefined
compiling russia.c...
..\game\russia.c(212): warning:  #514-D: pointless comparison of unsigned integer with a negative constant
Target not created
Build target 'Target 1'
compiling main.c...
compiling VS1003x.c...
compiling LCD13164.C...
compiling keyboard.c...
compiling ADC.C...
compiling FAT.c...
compiling untogb.c...
compiling gui.c...
compiling mp3player.c...
..\GUI\mp3player.c(345): warning:  #69-D: integer conversion resulted in truncation
compiling lrcpro.c...
compiling my_fft.c...
compiling snake.c...
compiling russia.c...
..\game\russia.c(212): warning:  #514-D: pointless comparison of unsigned integer with a negative constant
linking...
main.axf: Error: L6220E: Load region LR_IROM1 size (65544 bytes) exceeds limit (65536 bytes).
Target not created
Build target 'Target 1'
compiling VS1003x.c...
compiling lrcpro.c...
linking...
Program Size: Code=30634 RO-data=33774 RW-data=1300 ZI-data=4540  
FromELF: creating hex file...
"main.axf" - 0 Error(s), 0 Warning(s).
Build target 'Target 1'
compiling ADC.C...
linking...
Program Size: Code=30634 RO-data=33774 RW-data=1300 ZI-data=4540  
FromELF: creating hex file...
"main.axf" - 0 Error(s), 0 Warning(s).
Build target 'Target 1'
compiling ADC.C...
compiling my_fft.c...
linking...
Program Size: Code=30634 RO-data=33774 RW-data=1300 ZI-data=4540  
FromELF: creating hex file...
"main.axf" - 0 Error(s), 0 Warning(s).
Build target 'Target 1'
compiling ADC.C...
compiling my_fft.c...
linking...
Program Size: Code=30634 RO-data=33774 RW-data=1300 ZI-data=4540  
FromELF: creating hex file...
"main.axf" - 0 Error(s), 0 Warning(s).
Build target 'Target 1'
compiling main.c...
compiling russia.c...
..\game\russia.c(212): warning:  #514-D: pointless comparison of unsigned integer with a negative constant
linking...
Program Size: Code=30650 RO-data=33774 RW-data=1300 ZI-data=4540  
FromELF: creating hex file...
"main.axf" - 0 Error(s), 1 Warning(s).
